           _                 _    
  __ _  __| |_ __ __ _ _ __ | |_  
 / _` |/ _` | '__/ _` | '_ \| __| 
| (_| | (_| | | | (_| | | | | |_  
 \__, |\__,_|_|  \__,_|_| |_|\__| 
    |_|                           

Version: 1.11.4, build: d8b6e4a0
Access web UI at http://localhost:6333/dashboard

2024-09-28T18:18:36.219949Z  INFO storage::content_manager::consensus::persistent: Loading raft state from ./storage/raft_state.json    
2024-09-28T18:18:36.220172Z DEBUG storage::content_manager::consensus::persistent: State: Persistent { state: RaftState { hard_state: HardState { term: 0, vote: 0, commit: 0 }, conf_state: ConfState { voters: [7940051641691451], learners: [], voters_outgoing: [], learners_next: [], auto_leave: false } }, latest_snapshot_meta: SnapshotMetadataSer { term: 0, index: 0 }, apply_progress_queue: EntryApplyProgressQueue(None), peer_address_by_id: RwLock { data: {} }, peer_metadata_by_id: RwLock { data: {} }, cluster_metadata: {}, this_peer_id: 7940051641691451, path: "./storage/raft_state.json", dirty: false }    
2024-09-28T18:18:36.280864Z  INFO storage::content_manager::toc: Loading collection: default    
2024-09-28T18:18:36.380324Z  INFO collection::shards::local_shard: Recovering collection default: 0/1 (0%)    
2024-09-28T18:18:36.395038Z  INFO collection::shards::local_shard: Recovered collection default: 1/1 (100%)    
2024-09-28T18:18:36.397113Z DEBUG qdrant: Loaded collection: default    
2024-09-28T18:18:36.397130Z  INFO qdrant: Distributed mode disabled    
2024-09-28T18:18:36.397146Z  INFO qdrant: Telemetry reporting disabled    
2024-09-28T18:18:36.397339Z DEBUG qdrant: Waiting for thread web to finish    
2024-09-28T18:18:36.397748Z  WARN qdrant::actix::web_ui: Static content folder for Web UI './static' does not exist    
2024-09-28T18:18:36.398127Z  INFO qdrant::actix: TLS disabled for REST API    
2024-09-28T18:18:36.398174Z  INFO qdrant::actix: Qdrant HTTP listening on 6333    
2024-09-28T18:18:36.398185Z  INFO actix_server::builder: Starting 11 workers
2024-09-28T18:18:36.398190Z  INFO actix_server::server: Actix runtime found; starting in Actix runtime
2024-09-28T18:18:36.403971Z  INFO qdrant::tonic: Qdrant gRPC listening on 6334    
2024-09-28T18:18:36.404005Z  INFO qdrant::tonic: TLS disabled for gRPC API    
2024-09-28T18:18:46.239693Z  INFO storage::content_manager::toc::collection_meta_ops: Deleting collection default    
2024-09-28T18:18:46.241458Z DEBUG collection::update_handler: Stopping flush worker.    
2024-09-28T18:18:46.249663Z  INFO actix_web::middleware::logger: 127.0.0.1 "DELETE /collections/default HTTP/1.1" 200 48 "-" "curl/7.81.0" 0.010218    
2024-09-28T18:19:05.366761Z DEBUG storage::content_manager::snapshots::recover: Downloading snapshot from file:///home/san/gaianet/qdrant/snapshots/default/default.snapshot to /home/san/gaianet/qdrant/./snapshots/tmp/download-WtQZk1    
2024-09-28T18:19:05.366796Z DEBUG storage::content_manager::snapshots::recover: Snapshot downloaded to /home/san/gaianet/qdrant/snapshots/default/default.snapshot    
2024-09-28T18:19:05.367502Z DEBUG storage::content_manager::snapshots::recover: Recovering collection default from snapshot /home/san/gaianet/qdrant/snapshots/default/default.snapshot    
2024-09-28T18:19:05.367513Z DEBUG storage::content_manager::snapshots::recover: Unpacking snapshot to /home/san/gaianet/qdrant/./storage/tmp/col-default-recovery-E8WNui    
2024-09-28T18:19:07.355153Z DEBUG storage::content_manager::snapshots::recover: Collection default does not exist, creating it    
2024-09-28T18:19:07.355184Z  INFO storage::content_manager::toc::collection_meta_ops: Creating collection default    
2024-09-28T18:19:07.660541Z DEBUG collection::collection: Changing shard default:0 replica state from Some(Initializing) to Active    
2024-09-28T18:19:07.660561Z DEBUG collection::shards::replica_set: Changing local shard default:0 state from Some(Initializing) to Active    
2024-09-28T18:19:07.665197Z DEBUG storage::content_manager::snapshots::recover: Recovering shard 0 from /home/san/gaianet/qdrant/./storage/tmp/col-default-recovery-E8WNui/0    
2024-09-28T18:19:07.665515Z DEBUG collection::update_handler: Stopping flush worker.    
2024-09-28T18:19:07.919972Z  INFO collection::shards::local_shard: Recovering collection default: 0/31 (0%)    
2024-09-28T18:19:08.000347Z  INFO collection::shards::local_shard: Recovered collection default: 31/31 (100%)    
2024-09-28T18:19:08.001976Z DEBUG storage::content_manager::snapshots::recover: Activating shard 0 of collection default locally    
2024-09-28T18:19:08.001996Z DEBUG collection::collection: Changing shard default:0 replica state from Some(Active) to Active    
2024-09-28T18:19:08.002008Z DEBUG collection::shards::replica_set: Changing local shard default:0 state from Some(Active) to Active    
2024-09-28T18:19:08.006597Z  INFO actix_web::middleware::logger: 127.0.0.1 "POST /collections/default/snapshots/upload?priority=snapshot HTTP/1.1" 200 48 "-" "curl/7.81.0" 3.406082    
2024-09-28T18:19:13.058630Z  INFO actix_server::server: SIGTERM received; starting graceful shutdown
2024-09-28T18:19:13.058631Z DEBUG qdrant::tonic: Stopping gRPC service on SIGTERM    
2024-09-28T18:19:13.058758Z  INFO actix_server::worker: Shutting down idle worker
2024-09-28T18:19:13.058811Z  INFO actix_server::worker: Shutting down idle worker
2024-09-28T18:19:13.058837Z DEBUG actix_server::accept: Paused accepting connections on 127.0.0.1:6333
2024-09-28T18:19:13.058850Z  INFO actix_server::worker: Shutting down idle worker
2024-09-28T18:19:13.058868Z  INFO actix_server::accept: Accept thread stopped
2024-09-28T18:19:13.058940Z  INFO actix_server::worker: Shutting down idle worker
2024-09-28T18:19:13.058985Z  INFO actix_server::worker: Shutting down idle worker
2024-09-28T18:19:13.058964Z  INFO actix_server::worker: Shutting down idle worker
2024-09-28T18:19:13.058906Z  INFO actix_server::worker: Shutting down idle worker
2024-09-28T18:19:13.059026Z  INFO actix_server::worker: Shutting down idle worker
2024-09-28T18:19:13.059162Z  INFO actix_server::worker: Shutting down idle worker
2024-09-28T18:19:13.059472Z  INFO actix_server::worker: Shutting down idle worker
2024-09-28T18:19:13.059008Z  INFO actix_server::worker: Shutting down idle worker
2024-09-28T18:19:13.362736Z DEBUG qdrant: Waiting for thread grpc to finish    
2024-09-28T18:19:13.363661Z DEBUG collection::update_handler: Stopping flush worker.    
